<?xml version="1.0" encoding="UTF-8"?>
<coverage generated="1265694896" phpunit="3.4.10">
    <project name="org::pdepend::reflection::AllTests" timestamp="1265694896">
        <file name="/testReportReturnsExpected0PercentCoverage.php">
            <class name="testReportReturnsExpected0PercentCoverage" fullPackage="Package_foo" category="PHP" package="Package_foo">
                <metrics methods="4" coveredmethods="4" statements="15" coveredstatements="15" elements="19" coveredelements="19"/>
            </class>
            <line num="1" type="method" name="foo" count="0"/>
            <line num="2" type="stmt" count="0"/>
            <line num="3" type="stmt" count="0"/>
        </file>
        <file name="/testReportReturnsExpected50PercentCoverage.php">
            <class name="testReportReturnsExpected50PercentCoverage" fullPackage="Package_foo" category="PHP" package="Package_foo">
                <metrics methods="4" coveredmethods="4" statements="15" coveredstatements="15" elements="19" coveredelements="19"/>
            </class>
            <line num="1" type="method" name="foo" count="1"/>
            <line num="2" type="stmt" count="0"/>
            <line num="3" type="stmt" count="1"/>
            <line num="4" type="stmt" count="0"/>
        </file>
        <file name="/testReportReturnsExpected100PercentCoverage.php">
            <class name="testReportReturnsExpected100PercentCoverage" fullPackage="Package_foo" category="PHP" package="Package_foo">
                <metrics methods="4" coveredmethods="4" statements="15" coveredstatements="15" elements="19" coveredelements="19"/>
            </class>
            <line num="1" type="method" name="foo" count="1"/>
            <line num="2" type="stmt" count="1"/>
            <line num="3" type="stmt" count="1"/>
            <line num="4" type="stmt" count="1"/>
        </file>
    </project>
</coverage>
